"*** 17/02/2018 - 17:04:40 ***"
"- DESCRIZIONE ERRORE: Nessun valore specificato per alcuni parametri necessari."
"- NOME PROCEDURA:    in System.Data.OleDb.OleDbCommand.ExecuteCommandTextErrorHandling(OleDbHResult hr)
   in System.Data.OleDb.OleDbCommand.ExecuteCommandTextForSingleResult(tagDBPARAMS dbParams, Object& executeResult)
   in System.Data.OleDb.OleDbCommand.ExecuteCommandText(Object& executeResult)
   in System.Data.OleDb.OleDbCommand.ExecuteCommand(CommandBehavior behavior, Object& executeResult)
   in System.Data.OleDb.OleDbCommand.ExecuteReaderInternal(CommandBehavior behavior, String method)
   in System.Data.OleDb.OleDbCommand.ExecuteReader(CommandBehavior behavior)
   in System.Data.OleDb.OleDbCommand.System.Data.IDbCommand.ExecuteReader(CommandBehavior behavior)
   in System.Data.Common.DbDataAdapter.FillInternal(DataSet dataset, DataTable[] datatables, Int32 startRecord, Int32 maxRecords, String srcTable, IDbCommand command, CommandBehavior behavior)
   in System.Data.Common.DbDataAdapter.Fill(DataTable[] dataTables, Int32 startRecord, Int32 maxRecords, IDbCommand command, CommandBehavior behavior)
   in System.Data.Common.DbDataAdapter.Fill(DataTable dataTable)
   in Hospitality_Solution.HospitalityDataSetTableAdapters.DocumentiTableAdapter.Fill(DocumentiDataTable dataTable) in D:\Montana Software - Repositoy\Hospitality\Versione 3.1.2.0\HospitalityDataSet.Designer.vb:riga 9769
   in Hospitality_Solution.ReportsViewer.ReportsViewer_Load(Object sender, EventArgs e) in D:\Montana Software - Repositoy\Hospitality\Versione 3.1.2.0\Codice\Form\Hospitality\ReportsViewer.vb:riga 56"
"
"
"*** 17/02/2018 - 17:15:05 ***"
"- DESCRIZIONE ERRORE: Nessun valore specificato per alcuni parametri necessari."
"- NOME PROCEDURA:    in System.Data.OleDb.OleDbCommand.ExecuteCommandTextErrorHandling(OleDbHResult hr)
   in System.Data.OleDb.OleDbCommand.ExecuteCommandTextForSingleResult(tagDBPARAMS dbParams, Object& executeResult)
   in System.Data.OleDb.OleDbCommand.ExecuteCommandText(Object& executeResult)
   in System.Data.OleDb.OleDbCommand.ExecuteCommand(CommandBehavior behavior, Object& executeResult)
   in System.Data.OleDb.OleDbCommand.ExecuteReaderInternal(CommandBehavior behavior, String method)
   in System.Data.OleDb.OleDbCommand.ExecuteReader(CommandBehavior behavior)
   in System.Data.OleDb.OleDbCommand.System.Data.IDbCommand.ExecuteReader(CommandBehavior behavior)
   in System.Data.Common.DbDataAdapter.FillInternal(DataSet dataset, DataTable[] datatables, Int32 startRecord, Int32 maxRecords, String srcTable, IDbCommand command, CommandBehavior behavior)
   in System.Data.Common.DbDataAdapter.Fill(DataTable[] dataTables, Int32 startRecord, Int32 maxRecords, IDbCommand command, CommandBehavior behavior)
   in System.Data.Common.DbDataAdapter.Fill(DataTable dataTable)
   in Hospitality_Solution.HospitalityDataSetTableAdapters.DocumentiTableAdapter.Fill(DocumentiDataTable dataTable) in D:\Montana Software - Repositoy\Hospitality\Versione 3.1.2.0\HospitalityDataSet.Designer.vb:riga 9769
   in Hospitality_Solution.ReportsViewer.ReportsViewer_Load(Object sender, EventArgs e) in D:\Montana Software - Repositoy\Hospitality\Versione 3.1.2.0\Codice\Form\Hospitality\ReportsViewer.vb:riga 56"
"
"
"*** 17/02/2018 - 17:24:44 ***"
"- DESCRIZIONE ERRORE: Nessun valore specificato per alcuni parametri necessari."
"- NOME PROCEDURA:    in System.Data.OleDb.OleDbCommand.ExecuteCommandTextErrorHandling(OleDbHResult hr)
   in System.Data.OleDb.OleDbCommand.ExecuteCommandTextForSingleResult(tagDBPARAMS dbParams, Object& executeResult)
   in System.Data.OleDb.OleDbCommand.ExecuteCommandText(Object& executeResult)
   in System.Data.OleDb.OleDbCommand.ExecuteCommand(CommandBehavior behavior, Object& executeResult)
   in System.Data.OleDb.OleDbCommand.ExecuteReaderInternal(CommandBehavior behavior, String method)
   in System.Data.OleDb.OleDbCommand.ExecuteReader(CommandBehavior behavior)
   in System.Data.OleDb.OleDbCommand.System.Data.IDbCommand.ExecuteReader(CommandBehavior behavior)
   in System.Data.Common.DbDataAdapter.FillInternal(DataSet dataset, DataTable[] datatables, Int32 startRecord, Int32 maxRecords, String srcTable, IDbCommand command, CommandBehavior behavior)
   in System.Data.Common.DbDataAdapter.Fill(DataTable[] dataTables, Int32 startRecord, Int32 maxRecords, IDbCommand command, CommandBehavior behavior)
   in System.Data.Common.DbDataAdapter.Fill(DataTable dataTable)
   in Hospitality_Solution.HospitalityDataSetTableAdapters.DocumentiTableAdapter.Fill(DocumentiDataTable dataTable) in D:\Montana Software - Repositoy\Hospitality\Versione 3.1.2.0\HospitalityDataSet.Designer.vb:riga 9769
   in Hospitality_Solution.ReportsViewer.ReportsViewer_Load(Object sender, EventArgs e) in D:\Montana Software - Repositoy\Hospitality\Versione 3.1.2.0\Codice\Form\Hospitality\ReportsViewer.vb:riga 56"
"
"
"*** 17/02/2018 - 17:44:56 ***"
"- DESCRIZIONE ERRORE: Nessun valore specificato per alcuni parametri necessari."
"- NOME PROCEDURA:    in System.Data.OleDb.OleDbCommand.ExecuteCommandTextErrorHandling(OleDbHResult hr)
   in System.Data.OleDb.OleDbCommand.ExecuteCommandTextForSingleResult(tagDBPARAMS dbParams, Object& executeResult)
   in System.Data.OleDb.OleDbCommand.ExecuteCommandText(Object& executeResult)
   in System.Data.OleDb.OleDbCommand.ExecuteCommand(CommandBehavior behavior, Object& executeResult)
   in System.Data.OleDb.OleDbCommand.ExecuteReaderInternal(CommandBehavior behavior, String method)
   in System.Data.OleDb.OleDbCommand.ExecuteReader(CommandBehavior behavior)
   in System.Data.OleDb.OleDbCommand.System.Data.IDbCommand.ExecuteReader(CommandBehavior behavior)
   in System.Data.Common.DbDataAdapter.FillInternal(DataSet dataset, DataTable[] datatables, Int32 startRecord, Int32 maxRecords, String srcTable, IDbCommand command, CommandBehavior behavior)
   in System.Data.Common.DbDataAdapter.Fill(DataTable[] dataTables, Int32 startRecord, Int32 maxRecords, IDbCommand command, CommandBehavior behavior)
   in System.Data.Common.DbDataAdapter.Fill(DataTable dataTable)
   in Hospitality_Solution.HospitalityDataSetTableAdapters.DocumentiTableAdapter.Fill(DocumentiDataTable dataTable) in D:\Montana Software - Repositoy\Hospitality\Versione 3.1.2.0\HospitalityDataSet.Designer.vb:riga 9769
   in Hospitality_Solution.ReportsViewer.ReportsViewer_Load(Object sender, EventArgs e) in D:\Montana Software - Repositoy\Hospitality\Versione 3.1.2.0\Codice\Form\Hospitality\ReportsViewer.vb:riga 56"
"
"
"*** 17/02/2018 - 18:24:27 ***"
"- DESCRIZIONE ERRORE: Nessun valore specificato per alcuni parametri necessari."
"- NOME PROCEDURA:    in System.Data.OleDb.OleDbCommand.ExecuteCommandTextErrorHandling(OleDbHResult hr)
   in System.Data.OleDb.OleDbCommand.ExecuteCommandTextForSingleResult(tagDBPARAMS dbParams, Object& executeResult)
   in System.Data.OleDb.OleDbCommand.ExecuteCommandText(Object& executeResult)
   in System.Data.OleDb.OleDbCommand.ExecuteCommand(CommandBehavior behavior, Object& executeResult)
   in System.Data.OleDb.OleDbCommand.ExecuteReaderInternal(CommandBehavior behavior, String method)
   in System.Data.OleDb.OleDbCommand.ExecuteReader(CommandBehavior behavior)
   in System.Data.OleDb.OleDbCommand.System.Data.IDbCommand.ExecuteReader(CommandBehavior behavior)
   in System.Data.Common.DbDataAdapter.FillInternal(DataSet dataset, DataTable[] datatables, Int32 startRecord, Int32 maxRecords, String srcTable, IDbCommand command, CommandBehavior behavior)
   in System.Data.Common.DbDataAdapter.Fill(DataTable[] dataTables, Int32 startRecord, Int32 maxRecords, IDbCommand command, CommandBehavior behavior)
   in System.Data.Common.DbDataAdapter.Fill(DataTable dataTable)
   in Hospitality_Solution.HospitalityDataSetTableAdapters.DocumentiTableAdapter.Fill(DocumentiDataTable dataTable) in D:\Montana Software - Repositoy\Hospitality\Versione 3.1.2.0\HospitalityDataSet.Designer.vb:riga 9769
   in Hospitality_Solution.ReportsViewer.ReportsViewer_Load(Object sender, EventArgs e) in D:\Montana Software - Repositoy\Hospitality\Versione 3.1.2.0\Codice\Form\Hospitality\ReportsViewer.vb:riga 56"
"
"
"*** 01/03/2018 - 14:19:17 ***"
"- DESCRIZIONE ERRORE: Riferimento a un oggetto non impostato su un'istanza di oggetto."
"- NOME PROCEDURA:    in Hospitality_Solution.frmMain.Timer1_Tick(Object eventSender, EventArgs eventArgs)"
"
"
"*** 01/03/2018 - 14:19:17 ***"
"- DESCRIZIONE ERRORE: Riferimento a un oggetto non impostato su un'istanza di oggetto."
"- NOME PROCEDURA:    in Hospitality_Solution.frmMain.Timer1_Tick(Object eventSender, EventArgs eventArgs)"
"
"
"*** 01/03/2018 - 14:19:17 ***"
"- DESCRIZIONE ERRORE: Riferimento a un oggetto non impostato su un'istanza di oggetto."
"- NOME PROCEDURA:    in Hospitality_Solution.frmMain.Timer1_Tick(Object eventSender, EventArgs eventArgs)"
"
"
"*** 01/03/2018 - 14:19:17 ***"
"- DESCRIZIONE ERRORE: Riferimento a un oggetto non impostato su un'istanza di oggetto."
"- NOME PROCEDURA:    in Hospitality_Solution.frmMain.Timer1_Tick(Object eventSender, EventArgs eventArgs)"
"
"
"*** 01/03/2018 - 14:19:17 ***"
"- DESCRIZIONE ERRORE: Riferimento a un oggetto non impostato su un'istanza di oggetto."
"- NOME PROCEDURA:    in Hospitality_Solution.frmMain.Timer1_Tick(Object eventSender, EventArgs eventArgs)"
"
"
"*** 01/03/2018 - 14:19:17 ***"
"- DESCRIZIONE ERRORE: Riferimento a un oggetto non impostato su un'istanza di oggetto."
"- NOME PROCEDURA:    in Hospitality_Solution.frmMain.Timer1_Tick(Object eventSender, EventArgs eventArgs)"
"
"
"*** 01/03/2018 - 14:19:17 ***"
"- DESCRIZIONE ERRORE: Riferimento a un oggetto non impostato su un'istanza di oggetto."
"- NOME PROCEDURA:    in Hospitality_Solution.frmMain.Timer1_Tick(Object eventSender, EventArgs eventArgs)"
"
"
"*** 01/03/2018 - 14:19:17 ***"
"- DESCRIZIONE ERRORE: Riferimento a un oggetto non impostato su un'istanza di oggetto."
"- NOME PROCEDURA:    in Hospitality_Solution.frmMain.Timer1_Tick(Object eventSender, EventArgs eventArgs)"
"
"
"*** 01/03/2018 - 14:19:17 ***"
"- DESCRIZIONE ERRORE: Riferimento a un oggetto non impostato su un'istanza di oggetto."
"- NOME PROCEDURA:    in Hospitality_Solution.frmMain.Timer1_Tick(Object eventSender, EventArgs eventArgs)"
"
"
"*** 01/03/2018 - 14:19:17 ***"
"- DESCRIZIONE ERRORE: Riferimento a un oggetto non impostato su un'istanza di oggetto."
"- NOME PROCEDURA:    in Hospitality_Solution.frmMain.Timer1_Tick(Object eventSender, EventArgs eventArgs)"
"
"
"*** 01/03/2018 - 14:19:17 ***"
"- DESCRIZIONE ERRORE: Riferimento a un oggetto non impostato su un'istanza di oggetto."
"- NOME PROCEDURA:    in Hospitality_Solution.frmMain.Timer1_Tick(Object eventSender, EventArgs eventArgs)"
"
"
"*** 01/03/2018 - 14:19:17 ***"
"- DESCRIZIONE ERRORE: Riferimento a un oggetto non impostato su un'istanza di oggetto."
"- NOME PROCEDURA:    in Hospitality_Solution.frmMain.Timer1_Tick(Object eventSender, EventArgs eventArgs)"
"
"
"*** 01/03/2018 - 14:19:17 ***"
"- DESCRIZIONE ERRORE: Riferimento a un oggetto non impostato su un'istanza di oggetto."
"- NOME PROCEDURA:    in Hospitality_Solution.frmMain.Timer1_Tick(Object eventSender, EventArgs eventArgs)"
"
"
"*** 01/03/2018 - 14:19:17 ***"
"- DESCRIZIONE ERRORE: Riferimento a un oggetto non impostato su un'istanza di oggetto."
"- NOME PROCEDURA:    in Hospitality_Solution.frmMain.Timer1_Tick(Object eventSender, EventArgs eventArgs)"
"
"
"*** 01/03/2018 - 14:19:18 ***"
"- DESCRIZIONE ERRORE: Riferimento a un oggetto non impostato su un'istanza di oggetto."
"- NOME PROCEDURA:    in Hospitality_Solution.frmMain.Timer1_Tick(Object eventSender, EventArgs eventArgs)"
"
"
"*** 01/03/2018 - 14:19:19 ***"
"- DESCRIZIONE ERRORE: Riferimento a un oggetto non impostato su un'istanza di oggetto."
"- NOME PROCEDURA:    in Hospitality_Solution.frmMain.Timer1_Tick(Object eventSender, EventArgs eventArgs)"
"
"
"*** 01/03/2018 - 14:19:20 ***"
"- DESCRIZIONE ERRORE: Riferimento a un oggetto non impostato su un'istanza di oggetto."
"- NOME PROCEDURA:    in Hospitality_Solution.frmMain.Timer1_Tick(Object eventSender, EventArgs eventArgs)"
"
"
"*** 01/03/2018 - 14:19:21 ***"
"- DESCRIZIONE ERRORE: Riferimento a un oggetto non impostato su un'istanza di oggetto."
"- NOME PROCEDURA:    in Hospitality_Solution.frmMain.Timer1_Tick(Object eventSender, EventArgs eventArgs)"
"
"
"*** 01/03/2018 - 14:19:22 ***"
"- DESCRIZIONE ERRORE: Riferimento a un oggetto non impostato su un'istanza di oggetto."
"- NOME PROCEDURA:    in Hospitality_Solution.frmMain.Timer1_Tick(Object eventSender, EventArgs eventArgs)"
"
"
"*** 01/03/2018 - 14:19:23 ***"
"- DESCRIZIONE ERRORE: Riferimento a un oggetto non impostato su un'istanza di oggetto."
"- NOME PROCEDURA:    in Hospitality_Solution.frmMain.Timer1_Tick(Object eventSender, EventArgs eventArgs)"
"
"
"*** 01/03/2018 - 14:19:24 ***"
"- DESCRIZIONE ERRORE: Riferimento a un oggetto non impostato su un'istanza di oggetto."
"- NOME PROCEDURA:    in Hospitality_Solution.frmMain.Timer1_Tick(Object eventSender, EventArgs eventArgs)"
"
"
"*** 01/03/2018 - 14:19:25 ***"
"- DESCRIZIONE ERRORE: Riferimento a un oggetto non impostato su un'istanza di oggetto."
"- NOME PROCEDURA:    in Hospitality_Solution.frmMain.Timer1_Tick(Object eventSender, EventArgs eventArgs)"
"
"
"*** 01/03/2018 - 14:19:26 ***"
"- DESCRIZIONE ERRORE: Riferimento a un oggetto non impostato su un'istanza di oggetto."
"- NOME PROCEDURA:    in Hospitality_Solution.frmMain.Timer1_Tick(Object eventSender, EventArgs eventArgs)"
"
"
"*** 01/03/2018 - 14:19:27 ***"
"- DESCRIZIONE ERRORE: Riferimento a un oggetto non impostato su un'istanza di oggetto."
"- NOME PROCEDURA:    in Hospitality_Solution.frmMain.Timer1_Tick(Object eventSender, EventArgs eventArgs)"
"
"
"*** 01/03/2018 - 14:19:28 ***"
"- DESCRIZIONE ERRORE: Riferimento a un oggetto non impostato su un'istanza di oggetto."
"- NOME PROCEDURA:    in Hospitality_Solution.frmMain.Timer1_Tick(Object eventSender, EventArgs eventArgs)"
"
"
"*** 01/03/2018 - 14:19:29 ***"
"- DESCRIZIONE ERRORE: Riferimento a un oggetto non impostato su un'istanza di oggetto."
"- NOME PROCEDURA:    in Hospitality_Solution.frmMain.Timer1_Tick(Object eventSender, EventArgs eventArgs)"
"
"
"*** 01/03/2018 - 14:19:30 ***"
"- DESCRIZIONE ERRORE: Riferimento a un oggetto non impostato su un'istanza di oggetto."
"- NOME PROCEDURA:    in Hospitality_Solution.frmMain.Timer1_Tick(Object eventSender, EventArgs eventArgs)"
"
"
"*** 01/03/2018 - 14:19:31 ***"
"- DESCRIZIONE ERRORE: Riferimento a un oggetto non impostato su un'istanza di oggetto."
"- NOME PROCEDURA:    in Hospitality_Solution.frmMain.Timer1_Tick(Object eventSender, EventArgs eventArgs)"
"
"
"*** 01/03/2018 - 14:19:32 ***"
"- DESCRIZIONE ERRORE: Riferimento a un oggetto non impostato su un'istanza di oggetto."
"- NOME PROCEDURA:    in Hospitality_Solution.frmMain.Timer1_Tick(Object eventSender, EventArgs eventArgs)"
"
"
"*** 01/03/2018 - 14:19:33 ***"
"- DESCRIZIONE ERRORE: Riferimento a un oggetto non impostato su un'istanza di oggetto."
"- NOME PROCEDURA:    in Hospitality_Solution.frmMain.Timer1_Tick(Object eventSender, EventArgs eventArgs)"
"
"
"*** 01/03/2018 - 14:19:34 ***"
"- DESCRIZIONE ERRORE: Riferimento a un oggetto non impostato su un'istanza di oggetto."
"- NOME PROCEDURA:    in Hospitality_Solution.frmMain.Timer1_Tick(Object eventSender, EventArgs eventArgs)"
"
"
"*** 01/03/2018 - 14:19:35 ***"
"- DESCRIZIONE ERRORE: Riferimento a un oggetto non impostato su un'istanza di oggetto."
"- NOME PROCEDURA:    in Hospitality_Solution.frmMain.Timer1_Tick(Object eventSender, EventArgs eventArgs)"
"
"
"*** 01/03/2018 - 14:19:36 ***"
"- DESCRIZIONE ERRORE: Riferimento a un oggetto non impostato su un'istanza di oggetto."
"- NOME PROCEDURA:    in Hospitality_Solution.frmMain.Timer1_Tick(Object eventSender, EventArgs eventArgs)"
"
"
"*** 01/03/2018 - 14:19:37 ***"
"- DESCRIZIONE ERRORE: Riferimento a un oggetto non impostato su un'istanza di oggetto."
"- NOME PROCEDURA:    in Hospitality_Solution.frmMain.Timer1_Tick(Object eventSender, EventArgs eventArgs)"
"
"
"*** 01/03/2018 - 14:19:38 ***"
"- DESCRIZIONE ERRORE: Riferimento a un oggetto non impostato su un'istanza di oggetto."
"- NOME PROCEDURA:    in Hospitality_Solution.frmMain.Timer1_Tick(Object eventSender, EventArgs eventArgs)"
"
"
"*** 01/03/2018 - 14:19:39 ***"
"- DESCRIZIONE ERRORE: Riferimento a un oggetto non impostato su un'istanza di oggetto."
"- NOME PROCEDURA:    in Hospitality_Solution.frmMain.Timer1_Tick(Object eventSender, EventArgs eventArgs)"
"
"
"*** 01/03/2018 - 14:22:00 ***"
"- DESCRIZIONE ERRORE: Riferimento a un oggetto non impostato su un'istanza di oggetto."
"- NOME PROCEDURA:    in Hospitality_Solution.frmMain.Timer1_Tick(Object eventSender, EventArgs eventArgs) in D:\Montana Software - Repositoy\Hospitality\Versione 3.1.2.0\Codice\Form\Hospitality\Main.vb:riga 9803"
"
"
"*** 01/03/2018 - 14:22:00 ***"
"- DESCRIZIONE ERRORE: Riferimento a un oggetto non impostato su un'istanza di oggetto."
"- NOME PROCEDURA:    in Hospitality_Solution.frmMain.Timer1_Tick(Object eventSender, EventArgs eventArgs) in D:\Montana Software - Repositoy\Hospitality\Versione 3.1.2.0\Codice\Form\Hospitality\Main.vb:riga 9803"
"
"
"*** 01/03/2018 - 14:22:00 ***"
"- DESCRIZIONE ERRORE: Riferimento a un oggetto non impostato su un'istanza di oggetto."
"- NOME PROCEDURA:    in Hospitality_Solution.frmMain.Timer1_Tick(Object eventSender, EventArgs eventArgs) in D:\Montana Software - Repositoy\Hospitality\Versione 3.1.2.0\Codice\Form\Hospitality\Main.vb:riga 9803"
"
"
"*** 01/03/2018 - 14:22:00 ***"
"- DESCRIZIONE ERRORE: Riferimento a un oggetto non impostato su un'istanza di oggetto."
"- NOME PROCEDURA:    in Hospitality_Solution.frmMain.Timer1_Tick(Object eventSender, EventArgs eventArgs) in D:\Montana Software - Repositoy\Hospitality\Versione 3.1.2.0\Codice\Form\Hospitality\Main.vb:riga 9803"
"
"
"*** 01/03/2018 - 14:22:00 ***"
"- DESCRIZIONE ERRORE: Riferimento a un oggetto non impostato su un'istanza di oggetto."
"- NOME PROCEDURA:    in Hospitality_Solution.frmMain.Timer1_Tick(Object eventSender, EventArgs eventArgs) in D:\Montana Software - Repositoy\Hospitality\Versione 3.1.2.0\Codice\Form\Hospitality\Main.vb:riga 9803"
"
"
"*** 01/03/2018 - 14:22:00 ***"
"- DESCRIZIONE ERRORE: Riferimento a un oggetto non impostato su un'istanza di oggetto."
"- NOME PROCEDURA:    in Hospitality_Solution.frmMain.Timer1_Tick(Object eventSender, EventArgs eventArgs) in D:\Montana Software - Repositoy\Hospitality\Versione 3.1.2.0\Codice\Form\Hospitality\Main.vb:riga 9803"
"
"
"*** 01/03/2018 - 14:22:00 ***"
"- DESCRIZIONE ERRORE: Riferimento a un oggetto non impostato su un'istanza di oggetto."
"- NOME PROCEDURA:    in Hospitality_Solution.frmMain.Timer1_Tick(Object eventSender, EventArgs eventArgs) in D:\Montana Software - Repositoy\Hospitality\Versione 3.1.2.0\Codice\Form\Hospitality\Main.vb:riga 9803"
"
"
"*** 01/03/2018 - 14:22:00 ***"
"- DESCRIZIONE ERRORE: Riferimento a un oggetto non impostato su un'istanza di oggetto."
"- NOME PROCEDURA:    in Hospitality_Solution.frmMain.Timer1_Tick(Object eventSender, EventArgs eventArgs) in D:\Montana Software - Repositoy\Hospitality\Versione 3.1.2.0\Codice\Form\Hospitality\Main.vb:riga 9803"
"
"
"*** 01/03/2018 - 14:22:00 ***"
"- DESCRIZIONE ERRORE: Riferimento a un oggetto non impostato su un'istanza di oggetto."
"- NOME PROCEDURA:    in Hospitality_Solution.frmMain.Timer1_Tick(Object eventSender, EventArgs eventArgs) in D:\Montana Software - Repositoy\Hospitality\Versione 3.1.2.0\Codice\Form\Hospitality\Main.vb:riga 9803"
"
"
"*** 01/03/2018 - 14:22:00 ***"
"- DESCRIZIONE ERRORE: Riferimento a un oggetto non impostato su un'istanza di oggetto."
"- NOME PROCEDURA:    in Hospitality_Solution.frmMain.Timer1_Tick(Object eventSender, EventArgs eventArgs) in D:\Montana Software - Repositoy\Hospitality\Versione 3.1.2.0\Codice\Form\Hospitality\Main.vb:riga 9803"
"
"
"*** 01/03/2018 - 14:22:00 ***"
"- DESCRIZIONE ERRORE: Riferimento a un oggetto non impostato su un'istanza di oggetto."
"- NOME PROCEDURA:    in Hospitality_Solution.frmMain.Timer1_Tick(Object eventSender, EventArgs eventArgs) in D:\Montana Software - Repositoy\Hospitality\Versione 3.1.2.0\Codice\Form\Hospitality\Main.vb:riga 9803"
"
"
"*** 01/03/2018 - 14:22:00 ***"
"- DESCRIZIONE ERRORE: Riferimento a un oggetto non impostato su un'istanza di oggetto."
"- NOME PROCEDURA:    in Hospitality_Solution.frmMain.Timer1_Tick(Object eventSender, EventArgs eventArgs) in D:\Montana Software - Repositoy\Hospitality\Versione 3.1.2.0\Codice\Form\Hospitality\Main.vb:riga 9803"
"
"
"*** 01/03/2018 - 14:22:00 ***"
"- DESCRIZIONE ERRORE: Riferimento a un oggetto non impostato su un'istanza di oggetto."
"- NOME PROCEDURA:    in Hospitality_Solution.frmMain.Timer1_Tick(Object eventSender, EventArgs eventArgs) in D:\Montana Software - Repositoy\Hospitality\Versione 3.1.2.0\Codice\Form\Hospitality\Main.vb:riga 9803"
"
"
"*** 01/03/2018 - 14:22:00 ***"
"- DESCRIZIONE ERRORE: Riferimento a un oggetto non impostato su un'istanza di oggetto."
"- NOME PROCEDURA:    in Hospitality_Solution.frmMain.Timer1_Tick(Object eventSender, EventArgs eventArgs) in D:\Montana Software - Repositoy\Hospitality\Versione 3.1.2.0\Codice\Form\Hospitality\Main.vb:riga 9803"
"
"
"*** 01/03/2018 - 14:22:01 ***"
"- DESCRIZIONE ERRORE: Riferimento a un oggetto non impostato su un'istanza di oggetto."
"- NOME PROCEDURA:    in Hospitality_Solution.frmMain.Timer1_Tick(Object eventSender, EventArgs eventArgs) in D:\Montana Software - Repositoy\Hospitality\Versione 3.1.2.0\Codice\Form\Hospitality\Main.vb:riga 9803"
"
"
"*** 01/03/2018 - 14:22:02 ***"
"- DESCRIZIONE ERRORE: Riferimento a un oggetto non impostato su un'istanza di oggetto."
"- NOME PROCEDURA:    in Hospitality_Solution.frmMain.Timer1_Tick(Object eventSender, EventArgs eventArgs) in D:\Montana Software - Repositoy\Hospitality\Versione 3.1.2.0\Codice\Form\Hospitality\Main.vb:riga 9803"
"
"
"*** 01/03/2018 - 14:22:03 ***"
"- DESCRIZIONE ERRORE: Riferimento a un oggetto non impostato su un'istanza di oggetto."
"- NOME PROCEDURA:    in Hospitality_Solution.frmMain.Timer1_Tick(Object eventSender, EventArgs eventArgs) in D:\Montana Software - Repositoy\Hospitality\Versione 3.1.2.0\Codice\Form\Hospitality\Main.vb:riga 9803"
"
"
"*** 01/03/2018 - 14:22:04 ***"
"- DESCRIZIONE ERRORE: Riferimento a un oggetto non impostato su un'istanza di oggetto."
"- NOME PROCEDURA:    in Hospitality_Solution.frmMain.Timer1_Tick(Object eventSender, EventArgs eventArgs) in D:\Montana Software - Repositoy\Hospitality\Versione 3.1.2.0\Codice\Form\Hospitality\Main.vb:riga 9803"
"
"
"*** 01/03/2018 - 14:22:05 ***"
"- DESCRIZIONE ERRORE: Riferimento a un oggetto non impostato su un'istanza di oggetto."
"- NOME PROCEDURA:    in Hospitality_Solution.frmMain.Timer1_Tick(Object eventSender, EventArgs eventArgs) in D:\Montana Software - Repositoy\Hospitality\Versione 3.1.2.0\Codice\Form\Hospitality\Main.vb:riga 9803"
"
"
"*** 01/03/2018 - 14:22:06 ***"
"- DESCRIZIONE ERRORE: Riferimento a un oggetto non impostato su un'istanza di oggetto."
"- NOME PROCEDURA:    in Hospitality_Solution.frmMain.Timer1_Tick(Object eventSender, EventArgs eventArgs) in D:\Montana Software - Repositoy\Hospitality\Versione 3.1.2.0\Codice\Form\Hospitality\Main.vb:riga 9803"
"
"
"*** 01/03/2018 - 14:22:07 ***"
"- DESCRIZIONE ERRORE: Riferimento a un oggetto non impostato su un'istanza di oggetto."
"- NOME PROCEDURA:    in Hospitality_Solution.frmMain.Timer1_Tick(Object eventSender, EventArgs eventArgs) in D:\Montana Software - Repositoy\Hospitality\Versione 3.1.2.0\Codice\Form\Hospitality\Main.vb:riga 9803"
"
"
"*** 01/03/2018 - 14:22:08 ***"
"- DESCRIZIONE ERRORE: Riferimento a un oggetto non impostato su un'istanza di oggetto."
"- NOME PROCEDURA:    in Hospitality_Solution.frmMain.Timer1_Tick(Object eventSender, EventArgs eventArgs) in D:\Montana Software - Repositoy\Hospitality\Versione 3.1.2.0\Codice\Form\Hospitality\Main.vb:riga 9803"
"
"
"*** 01/03/2018 - 14:22:09 ***"
"- DESCRIZIONE ERRORE: Riferimento a un oggetto non impostato su un'istanza di oggetto."
"- NOME PROCEDURA:    in Hospitality_Solution.frmMain.Timer1_Tick(Object eventSender, EventArgs eventArgs) in D:\Montana Software - Repositoy\Hospitality\Versione 3.1.2.0\Codice\Form\Hospitality\Main.vb:riga 9803"
"
"
"*** 01/03/2018 - 14:22:10 ***"
"- DESCRIZIONE ERRORE: Riferimento a un oggetto non impostato su un'istanza di oggetto."
"- NOME PROCEDURA:    in Hospitality_Solution.frmMain.Timer1_Tick(Object eventSender, EventArgs eventArgs) in D:\Montana Software - Repositoy\Hospitality\Versione 3.1.2.0\Codice\Form\Hospitality\Main.vb:riga 9803"
"
"
"*** 01/03/2018 - 14:22:11 ***"
"- DESCRIZIONE ERRORE: Riferimento a un oggetto non impostato su un'istanza di oggetto."
"- NOME PROCEDURA:    in Hospitality_Solution.frmMain.Timer1_Tick(Object eventSender, EventArgs eventArgs) in D:\Montana Software - Repositoy\Hospitality\Versione 3.1.2.0\Codice\Form\Hospitality\Main.vb:riga 9803"
"
"
"*** 01/03/2018 - 14:22:12 ***"
"- DESCRIZIONE ERRORE: Riferimento a un oggetto non impostato su un'istanza di oggetto."
"- NOME PROCEDURA:    in Hospitality_Solution.frmMain.Timer1_Tick(Object eventSender, EventArgs eventArgs) in D:\Montana Software - Repositoy\Hospitality\Versione 3.1.2.0\Codice\Form\Hospitality\Main.vb:riga 9803"
"
"
"*** 01/03/2018 - 14:22:13 ***"
"- DESCRIZIONE ERRORE: Riferimento a un oggetto non impostato su un'istanza di oggetto."
"- NOME PROCEDURA:    in Hospitality_Solution.frmMain.Timer1_Tick(Object eventSender, EventArgs eventArgs) in D:\Montana Software - Repositoy\Hospitality\Versione 3.1.2.0\Codice\Form\Hospitality\Main.vb:riga 9803"
"
"
"*** 01/03/2018 - 14:22:14 ***"
"- DESCRIZIONE ERRORE: Riferimento a un oggetto non impostato su un'istanza di oggetto."
"- NOME PROCEDURA:    in Hospitality_Solution.frmMain.Timer1_Tick(Object eventSender, EventArgs eventArgs) in D:\Montana Software - Repositoy\Hospitality\Versione 3.1.2.0\Codice\Form\Hospitality\Main.vb:riga 9803"
"
"
"*** 01/03/2018 - 14:22:15 ***"
"- DESCRIZIONE ERRORE: Riferimento a un oggetto non impostato su un'istanza di oggetto."
"- NOME PROCEDURA:    in Hospitality_Solution.frmMain.Timer1_Tick(Object eventSender, EventArgs eventArgs) in D:\Montana Software - Repositoy\Hospitality\Versione 3.1.2.0\Codice\Form\Hospitality\Main.vb:riga 9803"
"
"
"*** 01/03/2018 - 14:32:30 ***"
"- DESCRIZIONE ERRORE: Riferimento a un oggetto non impostato su un'istanza di oggetto."
"- NOME PROCEDURA:    in Hospitality_Solution.frmMain.Timer1_Tick(Object eventSender, EventArgs eventArgs)"
"
"
"*** 01/03/2018 - 14:32:30 ***"
"- DESCRIZIONE ERRORE: Riferimento a un oggetto non impostato su un'istanza di oggetto."
"- NOME PROCEDURA:    in Hospitality_Solution.frmMain.Timer1_Tick(Object eventSender, EventArgs eventArgs)"
"
"
"*** 01/03/2018 - 14:32:30 ***"
"- DESCRIZIONE ERRORE: Riferimento a un oggetto non impostato su un'istanza di oggetto."
"- NOME PROCEDURA:    in Hospitality_Solution.frmMain.Timer1_Tick(Object eventSender, EventArgs eventArgs)"
"
"
"*** 01/03/2018 - 14:32:30 ***"
"- DESCRIZIONE ERRORE: Riferimento a un oggetto non impostato su un'istanza di oggetto."
"- NOME PROCEDURA:    in Hospitality_Solution.frmMain.Timer1_Tick(Object eventSender, EventArgs eventArgs)"
"
"
"*** 01/03/2018 - 14:32:30 ***"
"- DESCRIZIONE ERRORE: Riferimento a un oggetto non impostato su un'istanza di oggetto."
"- NOME PROCEDURA:    in Hospitality_Solution.frmMain.Timer1_Tick(Object eventSender, EventArgs eventArgs)"
"
"
"*** 01/03/2018 - 14:32:30 ***"
"- DESCRIZIONE ERRORE: Riferimento a un oggetto non impostato su un'istanza di oggetto."
"- NOME PROCEDURA:    in Hospitality_Solution.frmMain.Timer1_Tick(Object eventSender, EventArgs eventArgs)"
"
"
"*** 01/03/2018 - 14:32:30 ***"
"- DESCRIZIONE ERRORE: Riferimento a un oggetto non impostato su un'istanza di oggetto."
"- NOME PROCEDURA:    in Hospitality_Solution.frmMain.Timer1_Tick(Object eventSender, EventArgs eventArgs)"
"
"
"*** 01/03/2018 - 14:32:30 ***"
"- DESCRIZIONE ERRORE: Riferimento a un oggetto non impostato su un'istanza di oggetto."
"- NOME PROCEDURA:    in Hospitality_Solution.frmMain.Timer1_Tick(Object eventSender, EventArgs eventArgs)"
"
"
"*** 01/03/2018 - 14:32:30 ***"
"- DESCRIZIONE ERRORE: Riferimento a un oggetto non impostato su un'istanza di oggetto."
"- NOME PROCEDURA:    in Hospitality_Solution.frmMain.Timer1_Tick(Object eventSender, EventArgs eventArgs)"
"
"
"*** 01/03/2018 - 14:32:30 ***"
"- DESCRIZIONE ERRORE: Riferimento a un oggetto non impostato su un'istanza di oggetto."
"- NOME PROCEDURA:    in Hospitality_Solution.frmMain.Timer1_Tick(Object eventSender, EventArgs eventArgs)"
"
"
"*** 01/03/2018 - 14:32:30 ***"
"- DESCRIZIONE ERRORE: Riferimento a un oggetto non impostato su un'istanza di oggetto."
"- NOME PROCEDURA:    in Hospitality_Solution.frmMain.Timer1_Tick(Object eventSender, EventArgs eventArgs)"
"
"
"*** 01/03/2018 - 14:32:30 ***"
"- DESCRIZIONE ERRORE: Riferimento a un oggetto non impostato su un'istanza di oggetto."
"- NOME PROCEDURA:    in Hospitality_Solution.frmMain.Timer1_Tick(Object eventSender, EventArgs eventArgs)"
"
"
"*** 01/03/2018 - 14:32:30 ***"
"- DESCRIZIONE ERRORE: Riferimento a un oggetto non impostato su un'istanza di oggetto."
"- NOME PROCEDURA:    in Hospitality_Solution.frmMain.Timer1_Tick(Object eventSender, EventArgs eventArgs)"
"
"
"*** 01/03/2018 - 14:32:31 ***"
"- DESCRIZIONE ERRORE: Riferimento a un oggetto non impostato su un'istanza di oggetto."
"- NOME PROCEDURA:    in Hospitality_Solution.frmMain.Timer1_Tick(Object eventSender, EventArgs eventArgs)"
"
"
"*** 01/03/2018 - 14:32:32 ***"
"- DESCRIZIONE ERRORE: Riferimento a un oggetto non impostato su un'istanza di oggetto."
"- NOME PROCEDURA:    in Hospitality_Solution.frmMain.Timer1_Tick(Object eventSender, EventArgs eventArgs)"
"
"
"*** 01/03/2018 - 14:32:33 ***"
"- DESCRIZIONE ERRORE: Riferimento a un oggetto non impostato su un'istanza di oggetto."
"- NOME PROCEDURA:    in Hospitality_Solution.frmMain.Timer1_Tick(Object eventSender, EventArgs eventArgs)"
"
"
"*** 01/03/2018 - 14:32:34 ***"
"- DESCRIZIONE ERRORE: Riferimento a un oggetto non impostato su un'istanza di oggetto."
"- NOME PROCEDURA:    in Hospitality_Solution.frmMain.Timer1_Tick(Object eventSender, EventArgs eventArgs)"
"
"
"*** 01/03/2018 - 14:32:35 ***"
"- DESCRIZIONE ERRORE: Riferimento a un oggetto non impostato su un'istanza di oggetto."
"- NOME PROCEDURA:    in Hospitality_Solution.frmMain.Timer1_Tick(Object eventSender, EventArgs eventArgs)"
"
"
"*** 01/03/2018 - 14:32:36 ***"
"- DESCRIZIONE ERRORE: Riferimento a un oggetto non impostato su un'istanza di oggetto."
"- NOME PROCEDURA:    in Hospitality_Solution.frmMain.Timer1_Tick(Object eventSender, EventArgs eventArgs)"
"
"
"*** 01/03/2018 - 14:32:37 ***"
"- DESCRIZIONE ERRORE: Riferimento a un oggetto non impostato su un'istanza di oggetto."
"- NOME PROCEDURA:    in Hospitality_Solution.frmMain.Timer1_Tick(Object eventSender, EventArgs eventArgs)"
"
"
"*** 01/03/2018 - 14:32:38 ***"
"- DESCRIZIONE ERRORE: Riferimento a un oggetto non impostato su un'istanza di oggetto."
"- NOME PROCEDURA:    in Hospitality_Solution.frmMain.Timer1_Tick(Object eventSender, EventArgs eventArgs)"
"
"
"*** 01/03/2018 - 14:32:39 ***"
"- DESCRIZIONE ERRORE: Riferimento a un oggetto non impostato su un'istanza di oggetto."
"- NOME PROCEDURA:    in Hospitality_Solution.frmMain.Timer1_Tick(Object eventSender, EventArgs eventArgs)"
"
"
"*** 01/03/2018 - 14:32:40 ***"
"- DESCRIZIONE ERRORE: Riferimento a un oggetto non impostato su un'istanza di oggetto."
"- NOME PROCEDURA:    in Hospitality_Solution.frmMain.Timer1_Tick(Object eventSender, EventArgs eventArgs)"
"
"
"*** 01/03/2018 - 14:50:10 ***"
"- DESCRIZIONE ERRORE: Riferimento a un oggetto non impostato su un'istanza di oggetto."
"- NOME PROCEDURA:    in Hospitality_Solution.frmMain.Timer1_Tick(Object eventSender, EventArgs eventArgs)"
"
"
"*** 01/03/2018 - 14:50:11 ***"
"- DESCRIZIONE ERRORE: Riferimento a un oggetto non impostato su un'istanza di oggetto."
"- NOME PROCEDURA:    in Hospitality_Solution.frmMain.Timer1_Tick(Object eventSender, EventArgs eventArgs)"
"
"
"*** 01/03/2018 - 14:50:11 ***"
"- DESCRIZIONE ERRORE: Riferimento a un oggetto non impostato su un'istanza di oggetto."
"- NOME PROCEDURA:    in Hospitality_Solution.frmMain.Timer1_Tick(Object eventSender, EventArgs eventArgs)"
"
"
"*** 01/03/2018 - 14:50:11 ***"
"- DESCRIZIONE ERRORE: Riferimento a un oggetto non impostato su un'istanza di oggetto."
"- NOME PROCEDURA:    in Hospitality_Solution.frmMain.Timer1_Tick(Object eventSender, EventArgs eventArgs)"
"
"
"*** 01/03/2018 - 14:50:11 ***"
"- DESCRIZIONE ERRORE: Riferimento a un oggetto non impostato su un'istanza di oggetto."
"- NOME PROCEDURA:    in Hospitality_Solution.frmMain.Timer1_Tick(Object eventSender, EventArgs eventArgs)"
"
"
"*** 01/03/2018 - 14:50:11 ***"
"- DESCRIZIONE ERRORE: Riferimento a un oggetto non impostato su un'istanza di oggetto."
"- NOME PROCEDURA:    in Hospitality_Solution.frmMain.Timer1_Tick(Object eventSender, EventArgs eventArgs)"
"
"
"*** 01/03/2018 - 14:50:11 ***"
"- DESCRIZIONE ERRORE: Riferimento a un oggetto non impostato su un'istanza di oggetto."
"- NOME PROCEDURA:    in Hospitality_Solution.frmMain.Timer1_Tick(Object eventSender, EventArgs eventArgs)"
"
"
"*** 01/03/2018 - 14:50:11 ***"
"- DESCRIZIONE ERRORE: Riferimento a un oggetto non impostato su un'istanza di oggetto."
"- NOME PROCEDURA:    in Hospitality_Solution.frmMain.Timer1_Tick(Object eventSender, EventArgs eventArgs)"
"
"
"*** 01/03/2018 - 14:50:11 ***"
"- DESCRIZIONE ERRORE: Riferimento a un oggetto non impostato su un'istanza di oggetto."
"- NOME PROCEDURA:    in Hospitality_Solution.frmMain.Timer1_Tick(Object eventSender, EventArgs eventArgs)"
"
"
"*** 01/03/2018 - 14:50:11 ***"
"- DESCRIZIONE ERRORE: Riferimento a un oggetto non impostato su un'istanza di oggetto."
"- NOME PROCEDURA:    in Hospitality_Solution.frmMain.Timer1_Tick(Object eventSender, EventArgs eventArgs)"
"
"
"*** 01/03/2018 - 14:50:11 ***"
"- DESCRIZIONE ERRORE: Riferimento a un oggetto non impostato su un'istanza di oggetto."
"- NOME PROCEDURA:    in Hospitality_Solution.frmMain.Timer1_Tick(Object eventSender, EventArgs eventArgs)"
"
"
"*** 01/03/2018 - 14:50:11 ***"
"- DESCRIZIONE ERRORE: Riferimento a un oggetto non impostato su un'istanza di oggetto."
"- NOME PROCEDURA:    in Hospitality_Solution.frmMain.Timer1_Tick(Object eventSender, EventArgs eventArgs)"
"
"
"*** 01/03/2018 - 14:50:11 ***"
"- DESCRIZIONE ERRORE: Riferimento a un oggetto non impostato su un'istanza di oggetto."
"- NOME PROCEDURA:    in Hospitality_Solution.frmMain.Timer1_Tick(Object eventSender, EventArgs eventArgs)"
"
"
"*** 01/03/2018 - 14:50:11 ***"
"- DESCRIZIONE ERRORE: Riferimento a un oggetto non impostato su un'istanza di oggetto."
"- NOME PROCEDURA:    in Hospitality_Solution.frmMain.Timer1_Tick(Object eventSender, EventArgs eventArgs)"
"
"
"*** 01/03/2018 - 14:50:12 ***"
"- DESCRIZIONE ERRORE: Riferimento a un oggetto non impostato su un'istanza di oggetto."
"- NOME PROCEDURA:    in Hospitality_Solution.frmMain.Timer1_Tick(Object eventSender, EventArgs eventArgs)"
"
"
"*** 01/03/2018 - 14:50:13 ***"
"- DESCRIZIONE ERRORE: Riferimento a un oggetto non impostato su un'istanza di oggetto."
"- NOME PROCEDURA:    in Hospitality_Solution.frmMain.Timer1_Tick(Object eventSender, EventArgs eventArgs)"
"
"
"*** 01/03/2018 - 14:50:14 ***"
"- DESCRIZIONE ERRORE: Riferimento a un oggetto non impostato su un'istanza di oggetto."
"- NOME PROCEDURA:    in Hospitality_Solution.frmMain.Timer1_Tick(Object eventSender, EventArgs eventArgs)"
"
"
"*** 01/03/2018 - 14:50:15 ***"
"- DESCRIZIONE ERRORE: Riferimento a un oggetto non impostato su un'istanza di oggetto."
"- NOME PROCEDURA:    in Hospitality_Solution.frmMain.Timer1_Tick(Object eventSender, EventArgs eventArgs)"
"
"
"*** 01/03/2018 - 14:54:48 ***"
"- DESCRIZIONE ERRORE: Riferimento a un oggetto non impostato su un'istanza di oggetto."
"- NOME PROCEDURA:    in Hospitality_Solution.frmMain.Timer1_Tick(Object eventSender, EventArgs eventArgs)"
"
"
"*** 01/03/2018 - 14:54:48 ***"
"- DESCRIZIONE ERRORE: Riferimento a un oggetto non impostato su un'istanza di oggetto."
"- NOME PROCEDURA:    in Hospitality_Solution.frmMain.Timer1_Tick(Object eventSender, EventArgs eventArgs)"
"
"
"*** 01/03/2018 - 14:54:48 ***"
"- DESCRIZIONE ERRORE: Riferimento a un oggetto non impostato su un'istanza di oggetto."
"- NOME PROCEDURA:    in Hospitality_Solution.frmMain.Timer1_Tick(Object eventSender, EventArgs eventArgs)"
"
"
"*** 01/03/2018 - 14:54:48 ***"
"- DESCRIZIONE ERRORE: Riferimento a un oggetto non impostato su un'istanza di oggetto."
"- NOME PROCEDURA:    in Hospitality_Solution.frmMain.Timer1_Tick(Object eventSender, EventArgs eventArgs)"
"
"
"*** 01/03/2018 - 14:54:48 ***"
"- DESCRIZIONE ERRORE: Riferimento a un oggetto non impostato su un'istanza di oggetto."
"- NOME PROCEDURA:    in Hospitality_Solution.frmMain.Timer1_Tick(Object eventSender, EventArgs eventArgs)"
"
"
"*** 01/03/2018 - 14:54:48 ***"
"- DESCRIZIONE ERRORE: Riferimento a un oggetto non impostato su un'istanza di oggetto."
"- NOME PROCEDURA:    in Hospitality_Solution.frmMain.Timer1_Tick(Object eventSender, EventArgs eventArgs)"
"
"
"*** 01/03/2018 - 14:54:48 ***"
"- DESCRIZIONE ERRORE: Riferimento a un oggetto non impostato su un'istanza di oggetto."
"- NOME PROCEDURA:    in Hospitality_Solution.frmMain.Timer1_Tick(Object eventSender, EventArgs eventArgs)"
"
"
"*** 01/03/2018 - 14:54:48 ***"
"- DESCRIZIONE ERRORE: Riferimento a un oggetto non impostato su un'istanza di oggetto."
"- NOME PROCEDURA:    in Hospitality_Solution.frmMain.Timer1_Tick(Object eventSender, EventArgs eventArgs)"
"
"
"*** 01/03/2018 - 14:54:48 ***"
"- DESCRIZIONE ERRORE: Riferimento a un oggetto non impostato su un'istanza di oggetto."
"- NOME PROCEDURA:    in Hospitality_Solution.frmMain.Timer1_Tick(Object eventSender, EventArgs eventArgs)"
"
"
"*** 01/03/2018 - 14:54:48 ***"
"- DESCRIZIONE ERRORE: Riferimento a un oggetto non impostato su un'istanza di oggetto."
"- NOME PROCEDURA:    in Hospitality_Solution.frmMain.Timer1_Tick(Object eventSender, EventArgs eventArgs)"
"
"
"*** 01/03/2018 - 14:54:48 ***"
"- DESCRIZIONE ERRORE: Riferimento a un oggetto non impostato su un'istanza di oggetto."
"- NOME PROCEDURA:    in Hospitality_Solution.frmMain.Timer1_Tick(Object eventSender, EventArgs eventArgs)"
"
"
"*** 01/03/2018 - 14:54:48 ***"
"- DESCRIZIONE ERRORE: Riferimento a un oggetto non impostato su un'istanza di oggetto."
"- NOME PROCEDURA:    in Hospitality_Solution.frmMain.Timer1_Tick(Object eventSender, EventArgs eventArgs)"
"
"
"*** 01/03/2018 - 14:54:48 ***"
"- DESCRIZIONE ERRORE: Riferimento a un oggetto non impostato su un'istanza di oggetto."
"- NOME PROCEDURA:    in Hospitality_Solution.frmMain.Timer1_Tick(Object eventSender, EventArgs eventArgs)"
"
"
"*** 01/03/2018 - 14:54:48 ***"
"- DESCRIZIONE ERRORE: Riferimento a un oggetto non impostato su un'istanza di oggetto."
"- NOME PROCEDURA:    in Hospitality_Solution.frmMain.Timer1_Tick(Object eventSender, EventArgs eventArgs)"
"
"
"*** 01/03/2018 - 14:54:49 ***"
"- DESCRIZIONE ERRORE: Riferimento a un oggetto non impostato su un'istanza di oggetto."
"- NOME PROCEDURA:    in Hospitality_Solution.frmMain.Timer1_Tick(Object eventSender, EventArgs eventArgs)"
"
"
"*** 01/03/2018 - 14:54:50 ***"
"- DESCRIZIONE ERRORE: Riferimento a un oggetto non impostato su un'istanza di oggetto."
"- NOME PROCEDURA:    in Hospitality_Solution.frmMain.Timer1_Tick(Object eventSender, EventArgs eventArgs)"
"
"
"*** 01/03/2018 - 14:54:51 ***"
"- DESCRIZIONE ERRORE: Riferimento a un oggetto non impostato su un'istanza di oggetto."
"- NOME PROCEDURA:    in Hospitality_Solution.frmMain.Timer1_Tick(Object eventSender, EventArgs eventArgs)"
"
"
"*** 01/03/2018 - 14:54:52 ***"
"- DESCRIZIONE ERRORE: Riferimento a un oggetto non impostato su un'istanza di oggetto."
"- NOME PROCEDURA:    in Hospitality_Solution.frmMain.Timer1_Tick(Object eventSender, EventArgs eventArgs)"
"
"
"*** 01/03/2018 - 14:54:53 ***"
"- DESCRIZIONE ERRORE: Riferimento a un oggetto non impostato su un'istanza di oggetto."
"- NOME PROCEDURA:    in Hospitality_Solution.frmMain.Timer1_Tick(Object eventSender, EventArgs eventArgs)"
"
"
"*** 01/03/2018 - 14:54:54 ***"
"- DESCRIZIONE ERRORE: Riferimento a un oggetto non impostato su un'istanza di oggetto."
"- NOME PROCEDURA:    in Hospitality_Solution.frmMain.Timer1_Tick(Object eventSender, EventArgs eventArgs)"
"
"
"*** 01/03/2018 - 14:54:55 ***"
"- DESCRIZIONE ERRORE: Riferimento a un oggetto non impostato su un'istanza di oggetto."
"- NOME PROCEDURA:    in Hospitality_Solution.frmMain.Timer1_Tick(Object eventSender, EventArgs eventArgs)"
"
"
"*** 01/03/2018 - 14:54:56 ***"
"- DESCRIZIONE ERRORE: Riferimento a un oggetto non impostato su un'istanza di oggetto."
"- NOME PROCEDURA:    in Hospitality_Solution.frmMain.Timer1_Tick(Object eventSender, EventArgs eventArgs)"
"
"
"*** 01/03/2018 - 14:54:57 ***"
"- DESCRIZIONE ERRORE: Riferimento a un oggetto non impostato su un'istanza di oggetto."
"- NOME PROCEDURA:    in Hospitality_Solution.frmMain.Timer1_Tick(Object eventSender, EventArgs eventArgs)"
"
"
"*** 01/03/2018 - 15:02:09 ***"
"- DESCRIZIONE ERRORE: Riferimento a un oggetto non impostato su un'istanza di oggetto."
"- NOME PROCEDURA:    in Hospitality_Solution.frmMain.Timer1_Tick(Object eventSender, EventArgs eventArgs)"
"
"
"*** 01/03/2018 - 15:02:10 ***"
"- DESCRIZIONE ERRORE: Riferimento a un oggetto non impostato su un'istanza di oggetto."
"- NOME PROCEDURA:    in Hospitality_Solution.frmMain.Timer1_Tick(Object eventSender, EventArgs eventArgs)"
"
"
"*** 01/03/2018 - 15:02:10 ***"
"- DESCRIZIONE ERRORE: Riferimento a un oggetto non impostato su un'istanza di oggetto."
"- NOME PROCEDURA:    in Hospitality_Solution.frmMain.Timer1_Tick(Object eventSender, EventArgs eventArgs)"
"
"
"*** 01/03/2018 - 15:02:10 ***"
"- DESCRIZIONE ERRORE: Riferimento a un oggetto non impostato su un'istanza di oggetto."
"- NOME PROCEDURA:    in Hospitality_Solution.frmMain.Timer1_Tick(Object eventSender, EventArgs eventArgs)"
"
"
"*** 01/03/2018 - 15:02:10 ***"
"- DESCRIZIONE ERRORE: Riferimento a un oggetto non impostato su un'istanza di oggetto."
"- NOME PROCEDURA:    in Hospitality_Solution.frmMain.Timer1_Tick(Object eventSender, EventArgs eventArgs)"
"
"
"*** 01/03/2018 - 15:02:10 ***"
"- DESCRIZIONE ERRORE: Riferimento a un oggetto non impostato su un'istanza di oggetto."
"- NOME PROCEDURA:    in Hospitality_Solution.frmMain.Timer1_Tick(Object eventSender, EventArgs eventArgs)"
"
"
"*** 01/03/2018 - 15:02:10 ***"
"- DESCRIZIONE ERRORE: Riferimento a un oggetto non impostato su un'istanza di oggetto."
"- NOME PROCEDURA:    in Hospitality_Solution.frmMain.Timer1_Tick(Object eventSender, EventArgs eventArgs)"
"
"
"*** 01/03/2018 - 15:02:10 ***"
"- DESCRIZIONE ERRORE: Riferimento a un oggetto non impostato su un'istanza di oggetto."
"- NOME PROCEDURA:    in Hospitality_Solution.frmMain.Timer1_Tick(Object eventSender, EventArgs eventArgs)"
"
"
"*** 01/03/2018 - 15:02:10 ***"
"- DESCRIZIONE ERRORE: Riferimento a un oggetto non impostato su un'istanza di oggetto."
"- NOME PROCEDURA:    in Hospitality_Solution.frmMain.Timer1_Tick(Object eventSender, EventArgs eventArgs)"
"
"
"*** 01/03/2018 - 15:02:10 ***"
"- DESCRIZIONE ERRORE: Riferimento a un oggetto non impostato su un'istanza di oggetto."
"- NOME PROCEDURA:    in Hospitality_Solution.frmMain.Timer1_Tick(Object eventSender, EventArgs eventArgs)"
"
"
"*** 01/03/2018 - 15:02:10 ***"
"- DESCRIZIONE ERRORE: Riferimento a un oggetto non impostato su un'istanza di oggetto."
"- NOME PROCEDURA:    in Hospitality_Solution.frmMain.Timer1_Tick(Object eventSender, EventArgs eventArgs)"
"
"
"*** 01/03/2018 - 15:02:10 ***"
"- DESCRIZIONE ERRORE: Riferimento a un oggetto non impostato su un'istanza di oggetto."
"- NOME PROCEDURA:    in Hospitality_Solution.frmMain.Timer1_Tick(Object eventSender, EventArgs eventArgs)"
"
"
"*** 01/03/2018 - 15:02:10 ***"
"- DESCRIZIONE ERRORE: Riferimento a un oggetto non impostato su un'istanza di oggetto."
"- NOME PROCEDURA:    in Hospitality_Solution.frmMain.Timer1_Tick(Object eventSender, EventArgs eventArgs)"
"
"
"*** 01/03/2018 - 15:02:10 ***"
"- DESCRIZIONE ERRORE: Riferimento a un oggetto non impostato su un'istanza di oggetto."
"- NOME PROCEDURA:    in Hospitality_Solution.frmMain.Timer1_Tick(Object eventSender, EventArgs eventArgs)"
"
"
"*** 01/03/2018 - 15:02:11 ***"
"- DESCRIZIONE ERRORE: Riferimento a un oggetto non impostato su un'istanza di oggetto."
"- NOME PROCEDURA:    in Hospitality_Solution.frmMain.Timer1_Tick(Object eventSender, EventArgs eventArgs)"
"
"
"*** 01/03/2018 - 15:02:12 ***"
"- DESCRIZIONE ERRORE: Riferimento a un oggetto non impostato su un'istanza di oggetto."
"- NOME PROCEDURA:    in Hospitality_Solution.frmMain.Timer1_Tick(Object eventSender, EventArgs eventArgs)"
"
"
"*** 01/03/2018 - 15:02:13 ***"
"- DESCRIZIONE ERRORE: Riferimento a un oggetto non impostato su un'istanza di oggetto."
"- NOME PROCEDURA:    in Hospitality_Solution.frmMain.Timer1_Tick(Object eventSender, EventArgs eventArgs)"
"
"
"*** 01/03/2018 - 15:02:14 ***"
"- DESCRIZIONE ERRORE: Riferimento a un oggetto non impostato su un'istanza di oggetto."
"- NOME PROCEDURA:    in Hospitality_Solution.frmMain.Timer1_Tick(Object eventSender, EventArgs eventArgs)"
"
"
"*** 01/03/2018 - 15:36:22 ***"
"- DESCRIZIONE ERRORE: Tipi di dati non corrispondenti nell'espressione criterio."
"- NOME PROCEDURA:    in System.Data.OleDb.OleDbCommand.ExecuteCommandTextErrorHandling(OleDbHResult hr)
   in System.Data.OleDb.OleDbCommand.ExecuteCommandTextForSingleResult(tagDBPARAMS dbParams, Object& executeResult)
   in System.Data.OleDb.OleDbCommand.ExecuteCommandText(Object& executeResult)
   in System.Data.OleDb.OleDbCommand.ExecuteCommand(CommandBehavior behavior, Object& executeResult)
   in System.Data.OleDb.OleDbCommand.ExecuteReaderInternal(CommandBehavior behavior, String method)
   in System.Data.OleDb.OleDbCommand.ExecuteNonQuery()
   in Hospitality_Solution.ContoPos.SalvaDocumento()"
"
"
"*** 01/03/2018 - 15:36:26 ***"
"- DESCRIZIONE ERRORE: ""D:\Montana Software - Repositoy\Hospitality\Versione 3.1.2.0\bin\bin\Archivi\Hospitality.mdb"" non è un percorso valido. Assicurarsi che il nome del percorso sia corretto e di essere collegati al server in cui si trova il file."
"- NOME PROCEDURA:    in System.Data.OleDb.OleDbConnectionInternal..ctor(OleDbConnectionString constr, OleDbConnection connection)
   in System.Data.OleDb.OleDbConnectionFactory.CreateConnection(DbConnectionOptions options, DbConnectionPoolKey poolKey, Object poolGroupProviderInfo, DbConnectionPool pool, DbConnection owningObject)
   in System.Data.ProviderBase.DbConnectionFactory.CreateConnection(DbConnectionOptions options, DbConnectionPoolKey poolKey, Object poolGroupProviderInfo, DbConnectionPool pool, DbConnection owningConnection, DbConnectionOptions userOptions)
   in System.Data.ProviderBase.DbConnectionFactory.CreateNonPooledConnection(DbConnection owningConnection, DbConnectionPoolGroup poolGroup, DbConnectionOptions userOptions)
   in System.Data.ProviderBase.DbConnectionFactory.TryGetConnection(DbConnection owningConnection, TaskCompletionSource`1 retry, DbConnectionOptions userOptions, DbConnectionInternal oldConnection, DbConnectionInternal& connection)
   in System.Data.ProviderBase.DbConnectionInternal.TryOpenConnectionInternal(DbConnection outerConnection, DbConnectionFactory connectionFactory, TaskCompletionSource`1 retry, DbConnectionOptions userOptions)
   in System.Data.ProviderBase.DbConnectionClosed.TryOpenConnection(DbConnection outerConnection, DbConnectionFactory connectionFactory, TaskCompletionSource`1 retry, DbConnectionOptions userOptions)
   in System.Data.ProviderBase.DbConnectionInternal.OpenConnection(DbConnection outerConnection, DbConnectionFactory connectionFactory)
   in System.Data.OleDb.OleDbConnection.Open()
   in System.Data.Common.DbDataAdapter.FillInternal(DataSet dataset, DataTable[] datatables, Int32 startRecord, Int32 maxRecords, String srcTable, IDbCommand command, CommandBehavior behavior)
   in System.Data.Common.DbDataAdapter.Fill(DataTable[] dataTables, Int32 startRecord, Int32 maxRecords, IDbCommand command, CommandBehavior behavior)
   in System.Data.Common.DbDataAdapter.Fill(DataTable dataTable)
   in Hospitality_Solution.HospitalityDataSetTableAdapters.DettagliDocTableAdapter.Fill(DettagliDocDataTable dataTable)
   in Hospitality_Solution.ReportViewer.ReportViewer_Load(Object sender, EventArgs e)"
"
"
"*** 01/03/2018 - 15:42:04 ***"
"- DESCRIZIONE ERRORE: Tipi di dati non corrispondenti nell'espressione criterio."
"- NOME PROCEDURA:    in System.Data.OleDb.OleDbCommand.ExecuteCommandTextErrorHandling(OleDbHResult hr)
   in System.Data.OleDb.OleDbCommand.ExecuteCommandTextForSingleResult(tagDBPARAMS dbParams, Object& executeResult)
   in System.Data.OleDb.OleDbCommand.ExecuteCommandText(Object& executeResult)
   in System.Data.OleDb.OleDbCommand.ExecuteCommand(CommandBehavior behavior, Object& executeResult)
   in System.Data.OleDb.OleDbCommand.ExecuteReaderInternal(CommandBehavior behavior, String method)
   in System.Data.OleDb.OleDbCommand.ExecuteNonQuery()
   in Hospitality_Solution.ContoPos.SalvaDocumento() in D:\Montana Software - Repositoy\Hospitality\Versione 3.1.2.0\Codice\Form\Ristorante\ContoPos.vb:riga 3486"
"
"
"*** 01/03/2018 - 15:42:14 ***"
"- DESCRIZIONE ERRORE: ""D:\Montana Software - Repositoy\Hospitality\Versione 3.1.2.0\bin\bin\Archivi\Hospitality.mdb"" non è un percorso valido. Assicurarsi che il nome del percorso sia corretto e di essere collegati al server in cui si trova il file."
"- NOME PROCEDURA:    in System.Data.OleDb.OleDbConnectionInternal..ctor(OleDbConnectionString constr, OleDbConnection connection)
   in System.Data.OleDb.OleDbConnectionFactory.CreateConnection(DbConnectionOptions options, DbConnectionPoolKey poolKey, Object poolGroupProviderInfo, DbConnectionPool pool, DbConnection owningObject)
   in System.Data.ProviderBase.DbConnectionFactory.CreateConnection(DbConnectionOptions options, DbConnectionPoolKey poolKey, Object poolGroupProviderInfo, DbConnectionPool pool, DbConnection owningConnection, DbConnectionOptions userOptions)
   in System.Data.ProviderBase.DbConnectionFactory.CreateNonPooledConnection(DbConnection owningConnection, DbConnectionPoolGroup poolGroup, DbConnectionOptions userOptions)
   in System.Data.ProviderBase.DbConnectionFactory.TryGetConnection(DbConnection owningConnection, TaskCompletionSource`1 retry, DbConnectionOptions userOptions, DbConnectionInternal oldConnection, DbConnectionInternal& connection)
   in System.Data.ProviderBase.DbConnectionInternal.TryOpenConnectionInternal(DbConnection outerConnection, DbConnectionFactory connectionFactory, TaskCompletionSource`1 retry, DbConnectionOptions userOptions)
   in System.Data.ProviderBase.DbConnectionClosed.TryOpenConnection(DbConnection outerConnection, DbConnectionFactory connectionFactory, TaskCompletionSource`1 retry, DbConnectionOptions userOptions)
   in System.Data.ProviderBase.DbConnectionInternal.OpenConnection(DbConnection outerConnection, DbConnectionFactory connectionFactory)
   in System.Data.OleDb.OleDbConnection.Open()
   in System.Data.Common.DbDataAdapter.FillInternal(DataSet dataset, DataTable[] datatables, Int32 startRecord, Int32 maxRecords, String srcTable, IDbCommand command, CommandBehavior behavior)
   in System.Data.Common.DbDataAdapter.Fill(DataTable[] dataTables, Int32 startRecord, Int32 maxRecords, IDbCommand command, CommandBehavior behavior)
   in System.Data.Common.DbDataAdapter.Fill(DataTable dataTable)
   in Hospitality_Solution.HospitalityDataSetTableAdapters.DettagliDocTableAdapter.Fill(DettagliDocDataTable dataTable) in D:\Montana Software - Repositoy\Hospitality\Versione 3.1.2.0\Codice\Form\Ristorante\HospitalityDataSet.Designer.vb:riga 8426
   in Hospitality_Solution.ReportViewer.ReportViewer_Load(Object sender, EventArgs e) in D:\Montana Software - Repositoy\Hospitality\Versione 3.1.2.0\Codice\Form\Hospitality\ReportViewer.vb:riga 59"
"
"
"*** 01/03/2018 - 16:04:22 ***"
"- DESCRIZIONE ERRORE: ""D:\Montana Software - Repositoy\Hospitality\Versione 3.1.2.0\bin\bin\Archivi\Hospitality.mdb"" non è un percorso valido. Assicurarsi che il nome del percorso sia corretto e di essere collegati al server in cui si trova il file."
"- NOME PROCEDURA:    in System.Data.OleDb.OleDbConnectionInternal..ctor(OleDbConnectionString constr, OleDbConnection connection)
   in System.Data.OleDb.OleDbConnectionFactory.CreateConnection(DbConnectionOptions options, DbConnectionPoolKey poolKey, Object poolGroupProviderInfo, DbConnectionPool pool, DbConnection owningObject)
   in System.Data.ProviderBase.DbConnectionFactory.CreateConnection(DbConnectionOptions options, DbConnectionPoolKey poolKey, Object poolGroupProviderInfo, DbConnectionPool pool, DbConnection owningConnection, DbConnectionOptions userOptions)
   in System.Data.ProviderBase.DbConnectionFactory.CreateNonPooledConnection(DbConnection owningConnection, DbConnectionPoolGroup poolGroup, DbConnectionOptions userOptions)
   in System.Data.ProviderBase.DbConnectionFactory.TryGetConnection(DbConnection owningConnection, TaskCompletionSource`1 retry, DbConnectionOptions userOptions, DbConnectionInternal oldConnection, DbConnectionInternal& connection)
   in System.Data.ProviderBase.DbConnectionInternal.TryOpenConnectionInternal(DbConnection outerConnection, DbConnectionFactory connectionFactory, TaskCompletionSource`1 retry, DbConnectionOptions userOptions)
   in System.Data.ProviderBase.DbConnectionClosed.TryOpenConnection(DbConnection outerConnection, DbConnectionFactory connectionFactory, TaskCompletionSource`1 retry, DbConnectionOptions userOptions)
   in System.Data.ProviderBase.DbConnectionInternal.OpenConnection(DbConnection outerConnection, DbConnectionFactory connectionFactory)
   in System.Data.OleDb.OleDbConnection.Open()
   in System.Data.Common.DbDataAdapter.FillInternal(DataSet dataset, DataTable[] datatables, Int32 startRecord, Int32 maxRecords, String srcTable, IDbCommand command, CommandBehavior behavior)
   in System.Data.Common.DbDataAdapter.Fill(DataTable[] dataTables, Int32 startRecord, Int32 maxRecords, IDbCommand command, CommandBehavior behavior)
   in System.Data.Common.DbDataAdapter.Fill(DataTable dataTable)
   in Hospitality_Solution.HospitalityDataSetTableAdapters.DettagliDocTableAdapter.Fill(DettagliDocDataTable dataTable) in D:\Montana Software - Repositoy\Hospitality\Versione 3.1.2.0\Codice\Form\Ristorante\HospitalityDataSet.Designer.vb:riga 8426
   in Hospitality_Solution.ReportViewer.ReportViewer_Load(Object sender, EventArgs e) in D:\Montana Software - Repositoy\Hospitality\Versione 3.1.2.0\Codice\Form\Hospitality\ReportViewer.vb:riga 59"
"
"
